<?xml version="1.0" encoding="UTF-8"?>
<testng-results ignored="0" total="2" passed="2" failed="0" skipped="0">
  <reporter-output>
  </reporter-output>
  <suite started-at="2022-10-20T00:10:00 IST" name="Suite" finished-at="2022-10-20T00:11:06 IST" duration-ms="66095">
    <groups>
    </groups>
    <test started-at="2022-10-20T00:10:00 IST" name="Test" finished-at="2022-10-20T00:11:06 IST" duration-ms="66095">
      <class name="testClasses.VerifyUserCanGetLowestPriceProduct">
        <test-method is-config="true" signature="beforeClass(java.lang.String)[pri:0, instance:testClasses.VerifyUserCanGetLowestPriceProduct@7b98f307]" started-at="2022-10-20T00:10:53 IST" name="beforeClass" finished-at="2022-10-20T00:10:53 IST" duration-ms="1" status="PASS">
          <params>
            <param index="0">
              <value>
                <![CDATA[chrome]]>
              </value>
            </param>
          </params>
          <reporter-output>
          </reporter-output>
        </test-method> <!-- beforeClass -->
        <test-method is-config="true" signature="beforeMethod()[pri:0, instance:testClasses.VerifyUserCanGetLowestPriceProduct@7b98f307]" started-at="2022-10-20T00:10:53 IST" name="beforeMethod" finished-at="2022-10-20T00:10:53 IST" duration-ms="1" status="PASS">
          <reporter-output>
          </reporter-output>
        </test-method> <!-- beforeMethod -->
        <test-method signature="VerifyUserGetLowestPriceProduct()[pri:0, instance:testClasses.VerifyUserCanGetLowestPriceProduct@7b98f307]" started-at="2022-10-20T00:10:53 IST" name="VerifyUserGetLowestPriceProduct" finished-at="2022-10-20T00:11:06 IST" duration-ms="13442" status="PASS">
          <reporter-output>
          </reporter-output>
        </test-method> <!-- VerifyUserGetLowestPriceProduct -->
        <test-method is-config="true" signature="afterMethod(org.testng.ITestResult)[pri:0, instance:testClasses.VerifyUserCanGetLowestPriceProduct@7b98f307]" started-at="2022-10-20T00:11:06 IST" name="afterMethod" finished-at="2022-10-20T00:11:06 IST" duration-ms="3" status="PASS">
          <params>
            <param index="0">
              <value>
                <![CDATA[[TestResult name=VerifyUserGetLowestPriceProduct status=SUCCESS method=VerifyUserCanGetLowestPriceProduct.VerifyUserGetLowestPriceProduct()[pri:0, instance:testClasses.VerifyUserCanGetLowestPriceProduct@7b98f307] output={null}]]]>
              </value>
            </param>
          </params>
          <reporter-output>
          </reporter-output>
        </test-method> <!-- afterMethod -->
        <test-method is-config="true" signature="afterClass()[pri:0, instance:testClasses.VerifyUserCanGetLowestPriceProduct@7b98f307]" started-at="2022-10-20T00:11:06 IST" name="afterClass" finished-at="2022-10-20T00:11:06 IST" duration-ms="74" status="PASS">
          <reporter-output>
          </reporter-output>
        </test-method> <!-- afterClass -->
      </class> <!-- testClasses.VerifyUserCanGetLowestPriceProduct -->
      <class name="testClasses.VerifyUserCanLogin">
        <test-method is-config="true" signature="beforeClass(java.lang.String)[pri:0, instance:testClasses.VerifyUserCanLogin@55141def]" started-at="2022-10-20T00:10:00 IST" name="beforeClass" finished-at="2022-10-20T00:10:45 IST" duration-ms="44671" status="PASS">
          <params>
            <param index="0">
              <value>
                <![CDATA[chrome]]>
              </value>
            </param>
          </params>
          <reporter-output>
          </reporter-output>
        </test-method> <!-- beforeClass -->
        <test-method is-config="true" signature="beforeMethod()[pri:0, instance:testClasses.VerifyUserCanLogin@55141def]" started-at="2022-10-20T00:10:45 IST" name="beforeMethod" finished-at="2022-10-20T00:10:45 IST" duration-ms="80" status="PASS">
          <reporter-output>
          </reporter-output>
        </test-method> <!-- beforeMethod -->
        <test-method signature="VerifyUserLogin()[pri:0, instance:testClasses.VerifyUserCanLogin@55141def]" started-at="2022-10-20T00:10:45 IST" name="VerifyUserLogin" finished-at="2022-10-20T00:10:52 IST" duration-ms="7290" status="PASS">
          <reporter-output>
          </reporter-output>
        </test-method> <!-- VerifyUserLogin -->
        <test-method is-config="true" signature="afterMethod(org.testng.ITestResult)[pri:0, instance:testClasses.VerifyUserCanLogin@55141def]" started-at="2022-10-20T00:10:52 IST" name="afterMethod" finished-at="2022-10-20T00:10:52 IST" duration-ms="11" status="PASS">
          <params>
            <param index="0">
              <value>
                <![CDATA[[TestResult name=VerifyUserLogin status=SUCCESS method=VerifyUserCanLogin.VerifyUserLogin()[pri:0, instance:testClasses.VerifyUserCanLogin@55141def] output={null}]]]>
              </value>
            </param>
          </params>
          <reporter-output>
          </reporter-output>
        </test-method> <!-- afterMethod -->
        <test-method is-config="true" signature="afterClass()[pri:0, instance:testClasses.VerifyUserCanLogin@55141def]" started-at="2022-10-20T00:10:52 IST" name="afterClass" finished-at="2022-10-20T00:10:53 IST" duration-ms="428" status="PASS">
          <reporter-output>
          </reporter-output>
        </test-method> <!-- afterClass -->
      </class> <!-- testClasses.VerifyUserCanLogin -->
    </test> <!-- Test -->
  </suite> <!-- Suite -->
</testng-results>
